BUILD FAILED in 9s Exception: Gradle task assembleDebug failed with exit code 1/questions/72851112/build-failed-in-9s-exception-gradle-task-assembledebug-failed-with-exit-code-172851112
